<?xml version="1.0" encoding="utf-8"?><testsuites name="pytest tests"><testsuite name="pytest" errors="0" failures="0" skipped="0" tests="32" time="12.009" timestamp="2026-02-16T02:07:02.113207+00:00" hostname="agent-env-c7dcaffc-7eee-4842-bb32-9d01be38de3b"><testcase classname="backend.tests.test_api.TestAuth" name="test_admin_login" time="0.514" /><testcase classname="backend.tests.test_api.TestAuth" name="test_driver_login" time="0.352" /><testcase classname="backend.tests.test_api.TestAuth" name="test_invalid_login" time="0.398" /><testcase classname="backend.tests.test_api.TestDashboard" name="test_get_dashboard_kpis" time="0.578" /><testcase classname="backend.tests.test_api.TestIssues" name="test_get_issues" time="0.519" /><testcase classname="backend.tests.test_api.TestIssues" name="test_create_issue" time="0.535" /><testcase classname="backend.tests.test_api.TestIssues" name="test_update_issue" time="0.430" /><testcase classname="backend.tests.test_api.TestFuel" name="test_get_fuel_vouchers" time="0.473" /><testcase classname="backend.tests.test_api.TestFuel" name="test_create_fuel_voucher" time="0.338" /><testcase classname="backend.tests.test_api.TestFuel" name="test_get_fuel_loads" time="0.125" /><testcase classname="backend.tests.test_api.TestFuel" name="test_create_fuel_load" time="0.133" /><testcase classname="backend.tests.test_api.TestFuel" name="test_get_fuel_kpis" time="0.253" /><testcase classname="backend.tests.test_api.TestFuel" name="test_get_fuel_conciliation" time="0.163" /><testcase classname="backend.tests.test_api.TestMaintenance" name="test_get_work_orders" time="0.543" /><testcase classname="backend.tests.test_api.TestMaintenance" name="test_create_work_order" time="0.284" /><testcase classname="backend.tests.test_api.TestMaintenance" name="test_start_work_order" time="0.303" /><testcase classname="backend.tests.test_api.TestMaintenance" name="test_complete_work_order" time="0.647" /><testcase classname="backend.tests.test_api.TestInventory" name="test_get_inventory_items" time="0.519" /><testcase classname="backend.tests.test_api.TestInventory" name="test_create_inventory_item" time="0.154" /><testcase classname="backend.tests.test_api.TestInventory" name="test_create_stock_move_entrada" time="0.902" /><testcase classname="backend.tests.test_api.TestInventory" name="test_get_suppliers" time="0.111" /><testcase classname="backend.tests.test_api.TestInventory" name="test_create_supplier" time="0.154" /><testcase classname="backend.tests.test_api.TestTires" name="test_get_tires" time="1.185" /><testcase classname="backend.tests.test_api.TestTires" name="test_create_tire" time="0.126" /><testcase classname="backend.tests.test_api.TestTires" name="test_get_tires_by_vehicle" time="0.295" /><testcase classname="backend.tests.test_api.TestTires" name="test_get_tires_required_report" time="0.124" /><testcase classname="backend.tests.test_api.TestTires" name="test_mount_and_unmount_tire" time="0.511" /><testcase classname="backend.tests.test_api.TestNavigation" name="test_vehicles_endpoint" time="0.588" /><testcase classname="backend.tests.test_api.TestNavigation" name="test_trips_endpoint" time="0.119" /><testcase classname="backend.tests.test_api.TestNavigation" name="test_users_endpoint" time="0.127" /><testcase classname="backend.tests.test_api.TestNavigation" name="test_documents_endpoint" time="0.166" /><testcase classname="backend.tests.test_api.TestNavigation" name="test_alerts_endpoint" time="0.110" /></testsuite></testsuites>