<?xml version="1.0" encoding="utf-8"?><testsuites name="pytest tests"><testsuite name="pytest" errors="0" failures="0" skipped="0" tests="22" time="4.461" timestamp="2026-02-18T08:34:05.106762+00:00" hostname="agent-env-c7dcaffc-7eee-4842-bb32-9d01be38de3b"><testcase classname="backend.tests.test_settlements_checklist.TestSettlements" name="test_get_trips" time="0.573" /><testcase classname="backend.tests.test_settlements_checklist.TestSettlements" name="test_get_trip_advances" time="0.263" /><testcase classname="backend.tests.test_settlements_checklist.TestSettlements" name="test_get_trip_expenses" time="0.118" /><testcase classname="backend.tests.test_settlements_checklist.TestSettlements" name="test_create_advance" time="0.218" /><testcase classname="backend.tests.test_settlements_checklist.TestSettlements" name="test_create_expense" time="0.228" /><testcase classname="backend.tests.test_settlements_checklist.TestSettlements" name="test_get_settlements" time="0.110" /><testcase classname="backend.tests.test_settlements_checklist.TestSettlements" name="test_create_settlement" time="0.136" /><testcase classname="backend.tests.test_settlements_checklist.TestSettlements" name="test_close_settlement" time="0.268" /><testcase classname="backend.tests.test_settlements_checklist.TestChecklist" name="test_get_checklist_templates" time="0.446" /><testcase classname="backend.tests.test_settlements_checklist.TestChecklist" name="test_get_checklist_by_trip" time="0.205" /><testcase classname="backend.tests.test_settlements_checklist.TestChecklist" name="test_submit_trip_checklist" time="0.131" /><testcase classname="backend.tests.test_settlements_checklist.TestAllMenuPages" name="test_dashboard_kpis" time="0.442" /><testcase classname="backend.tests.test_settlements_checklist.TestAllMenuPages" name="test_vehicles_endpoint" time="0.104" /><testcase classname="backend.tests.test_settlements_checklist.TestAllMenuPages" name="test_documents_endpoint" time="0.109" /><testcase classname="backend.tests.test_settlements_checklist.TestAllMenuPages" name="test_trips_endpoint" time="0.111" /><testcase classname="backend.tests.test_settlements_checklist.TestAllMenuPages" name="test_fuel_vouchers_endpoint" time="0.109" /><testcase classname="backend.tests.test_settlements_checklist.TestAllMenuPages" name="test_tires_endpoint" time="0.121" /><testcase classname="backend.tests.test_settlements_checklist.TestAllMenuPages" name="test_maintenance_work_orders_endpoint" time="0.107" /><testcase classname="backend.tests.test_settlements_checklist.TestAllMenuPages" name="test_inventory_items_endpoint" time="0.127" /><testcase classname="backend.tests.test_settlements_checklist.TestAllMenuPages" name="test_issues_endpoint" time="0.112" /><testcase classname="backend.tests.test_settlements_checklist.TestAllMenuPages" name="test_users_endpoint" time="0.105" /><testcase classname="backend.tests.test_settlements_checklist.TestAllMenuPages" name="test_settlements_endpoint" time="0.111" /></testsuite></testsuites>