<?xml version="1.0" encoding="utf-8"?><testsuites name="pytest tests"><testsuite name="pytest" errors="0" failures="0" skipped="0" tests="18" time="6.418" timestamp="2026-02-18T08:48:28.551311+00:00" hostname="agent-env-c7dcaffc-7eee-4842-bb32-9d01be38de3b"><testcase classname="backend.tests.test_reports_config.TestAuth" name="test_login_admin" time="0.391" /><testcase classname="backend.tests.test_reports_config.TestReportsTrips" name="test_get_trips_report" time="0.489" /><testcase classname="backend.tests.test_reports_config.TestReportsTrips" name="test_get_trips_report_with_date_filter" time="0.110" /><testcase classname="backend.tests.test_reports_config.TestReportsExportExcel" name="test_export_trips_excel" time="0.495" /><testcase classname="backend.tests.test_reports_config.TestReportsSettlementPDF" name="test_export_settlement_pdf" time="0.576" /><testcase classname="backend.tests.test_reports_config.TestReportsSettlementPDF" name="test_export_settlement_pdf_invalid_trip" time="0.103" /><testcase classname="backend.tests.test_reports_config.TestReportsFuel" name="test_get_fuel_report" time="0.448" /><testcase classname="backend.tests.test_reports_config.TestReportsMaintenance" name="test_get_maintenance_report" time="0.446" /><testcase classname="backend.tests.test_reports_config.TestConfigCompany" name="test_get_company_config" time="0.425" /><testcase classname="backend.tests.test_reports_config.TestConfigCompany" name="test_update_company_config" time="0.311" /><testcase classname="backend.tests.test_reports_config.TestConfigDocumentTypes" name="test_get_document_types" time="0.455" /><testcase classname="backend.tests.test_reports_config.TestConfigDocumentTypes" name="test_create_document_type" time="0.128" /><testcase classname="backend.tests.test_reports_config.TestConfigDocumentTypes" name="test_update_document_type" time="0.201" /><testcase classname="backend.tests.test_reports_config.TestConfigDocumentTypes" name="test_delete_document_type" time="0.208" /><testcase classname="backend.tests.test_reports_config.TestConfigChecklistTemplates" name="test_get_checklist_templates" time="0.438" /><testcase classname="backend.tests.test_reports_config.TestConfigChecklistTemplates" name="test_create_checklist_template" time="0.134" /><testcase classname="backend.tests.test_reports_config.TestConfigChecklistTemplates" name="test_update_checklist_template" time="0.194" /><testcase classname="backend.tests.test_reports_config.TestCleanup" name="test_cleanup_test_document_types" time="0.654" /></testsuite></testsuites>