<?xml version="1.0" encoding="utf-8"?><testsuites name="pytest tests"><testsuite name="pytest" errors="0" failures="1" skipped="0" tests="18" time="8.764" timestamp="2026-02-19T04:52:02.620323+00:00" hostname="agent-env-bb671fc5-ed6f-4b09-aed4-af443d404355"><testcase classname="backend.tests.test_iteration5_features.TestAuth" name="test_admin_login" time="0.397" /><testcase classname="backend.tests.test_iteration5_features.TestNotifications" name="test_get_notifications" time="0.508" /><testcase classname="backend.tests.test_iteration5_features.TestNotifications" name="test_mark_notification_read" time="0.134" /><testcase classname="backend.tests.test_iteration5_features.TestNotifications" name="test_mark_all_notifications_read" time="0.099" /><testcase classname="backend.tests.test_iteration5_features.TestDashboard" name="test_get_dashboard_kpis" time="0.518" /><testcase classname="backend.tests.test_iteration5_features.TestDashboard" name="test_get_recent_activity" time="0.208" /><testcase classname="backend.tests.test_iteration5_features.TestVehiclesCRUD" name="test_get_vehicles" time="0.428" /><testcase classname="backend.tests.test_iteration5_features.TestVehiclesCRUD" name="test_update_vehicle" time="0.341" /><testcase classname="backend.tests.test_iteration5_features.TestTripsCRUD" name="test_get_trips" time="0.430" /><testcase classname="backend.tests.test_iteration5_features.TestTripsCRUD" name="test_update_trip" time="0.205" /><testcase classname="backend.tests.test_iteration5_features.TestUsersCRUD" name="test_get_users" time="0.433" /><testcase classname="backend.tests.test_iteration5_features.TestUsersCRUD" name="test_update_user" time="0.228" /><testcase classname="backend.tests.test_iteration5_features.TestMaintenanceCRUD" name="test_get_work_orders" time="0.460" /><testcase classname="backend.tests.test_iteration5_features.TestMaintenanceCRUD" name="test_update_work_order" time="0.238" /><testcase classname="backend.tests.test_iteration5_features.TestFuelPage" name="test_get_fuel_vouchers" time="0.466" /><testcase classname="backend.tests.test_iteration5_features.TestFuelPage" name="test_get_fuel_loads" time="0.151" /><testcase classname="backend.tests.test_iteration5_features.TestOCREndpoint" name="test_ocr_endpoint_exists" time="2.938"><failure message="assert 520 in [200, 400, 422, 500]&#10; +  where 520 = &lt;Response [520]&gt;.status_code">backend/tests/test_iteration5_features.py:372: in test_ocr_endpoint_exists
    assert response.status_code in [200, 400, 422, 500]
E   assert 520 in [200, 400, 422, 500]
E    +  where 520 = &lt;Response [520]&gt;.status_code</failure></testcase><testcase classname="backend.tests.test_iteration5_features.TestAlerts" name="test_get_alerts" time="0.468" /></testsuite></testsuites>